[debug] [2022-12-11T21:20:40.474Z] ----------------------------------------------------------------------
[debug] [2022-12-11T21:20:40.477Z] Command:       C:\Program Files\nodejs\node.exe C:\Users\tova\AppData\Roaming\npm\node_modules\firebase-tools\lib\bin\firebase.js emulators:start
[debug] [2022-12-11T21:20:40.478Z] CLI Version:   11.17.0
[debug] [2022-12-11T21:20:40.478Z] Platform:      win32
[debug] [2022-12-11T21:20:40.478Z] Node Version:  v18.12.1
[debug] [2022-12-11T21:20:40.492Z] Time:          Sun Dec 11 2022 23:20:40 GMT+0200 (Israel Standard Time)
[debug] [2022-12-11T21:20:40.493Z] ----------------------------------------------------------------------
[debug] 
[debug] [2022-12-11T21:20:40.498Z] >>> [apiv2][query] GET https://firebase-public.firebaseio.com/cli.json [none]
[debug] [2022-12-11T21:20:40.683Z] > command requires scopes: ["email","openid","https://www.googleapis.com/auth/cloudplatformprojects.readonly","https://www.googleapis.com/auth/firebase","https://www.googleapis.com/auth/cloud-platform"]
[debug] [2022-12-11T21:20:40.683Z] > authorizing via signed-in user (alonkerklies@gmail.com)
[info] i  emulators: Starting emulators: hosting {"metadata":{"emulator":{"name":"hub"},"message":"Starting emulators: hosting"}}
[debug] [2022-12-11T21:20:40.706Z] [logging] Logging Emulator only supports listening on one address (127.0.0.1). Not listening on ::1
[debug] [2022-12-11T21:20:40.706Z] [hosting] Hosting Emulator only supports listening on one address (127.0.0.1). Not listening on ::1
[debug] [2022-12-11T21:20:40.706Z] assigned listening specs for emulators {"user":{"hub":[{"address":"127.0.0.1","family":"IPv4","port":4400},{"address":"::1","family":"IPv6","port":4400}],"logging":[{"address":"127.0.0.1","family":"IPv4","port":4500}],"hosting":[{"address":"127.0.0.1","family":"IPv4","port":5000}]},"metadata":{"message":"assigned listening specs for emulators"}}
[debug] [2022-12-11T21:20:40.724Z] [hub] writing locator at C:\Users\tova\AppData\Local\Temp\hub-alon-kerklies-tweet.json
[debug] [2022-12-11T21:20:40.803Z] > refreshing access token with scopes: []
[debug] [2022-12-11T21:20:40.804Z] >>> [apiv2][query] POST https://www.googleapis.com/oauth2/v3/token [none]
[debug] [2022-12-11T21:20:40.805Z] >>> [apiv2][body] POST https://www.googleapis.com/oauth2/v3/token [omitted]
[debug] [2022-12-11T21:20:41.002Z] <<< [apiv2][status] POST https://www.googleapis.com/oauth2/v3/token 200
[debug] [2022-12-11T21:20:41.002Z] <<< [apiv2][body] POST https://www.googleapis.com/oauth2/v3/token [omitted]
[debug] [2022-12-11T21:20:41.014Z] >>> [apiv2][query] GET https://firebasehosting.googleapis.com/v1beta1/projects/alon-kerklies-tweet/sites 
[debug] [2022-12-11T21:20:41.121Z] <<< [apiv2][status] GET https://firebase-public.firebaseio.com/cli.json 200
[debug] [2022-12-11T21:20:41.122Z] <<< [apiv2][body] GET https://firebase-public.firebaseio.com/cli.json {"cloudBuildErrorAfter":1594252800000,"cloudBuildWarnAfter":1590019200000,"defaultNode10After":1594252800000,"minVersion":"3.0.5","node8DeploysDisabledAfter":1613390400000,"node8RuntimeDisabledAfter":1615809600000,"node8WarnAfter":1600128000000}
[debug] [2022-12-11T21:20:42.302Z] <<< [apiv2][status] GET https://firebasehosting.googleapis.com/v1beta1/projects/alon-kerklies-tweet/sites 200
[debug] [2022-12-11T21:20:42.302Z] <<< [apiv2][body] GET https://firebasehosting.googleapis.com/v1beta1/projects/alon-kerklies-tweet/sites {"sites":[{"name":"projects/alon-kerklies-tweet/sites/alon-kerklies-tweet","defaultUrl":"https://alon-kerklies-tweet.web.app","type":"DEFAULT_SITE"}]}
[debug] [2022-12-11T21:20:42.302Z] >>> [apiv2][query] GET https://firebase.googleapis.com/v1beta1/projects/alon-kerklies-tweet/webApps/-/config [none]
[debug] [2022-12-11T21:20:43.113Z] <<< [apiv2][status] GET https://firebase.googleapis.com/v1beta1/projects/alon-kerklies-tweet/webApps/-/config 200
[debug] [2022-12-11T21:20:43.114Z] <<< [apiv2][body] GET https://firebase.googleapis.com/v1beta1/projects/alon-kerklies-tweet/webApps/-/config {"projectId":"alon-kerklies-tweet","appId":"1:175355697879:web:6892a9a3bcdcc6f64aee92","databaseURL":"https://alon-kerklies-tweet-default-rtdb.firebaseio.com","storageBucket":"alon-kerklies-tweet.appspot.com","apiKey":"AIzaSyAdpkCxrNhh147Li3rTDQJQq-dPWH02zEw","authDomain":"alon-kerklies-tweet.firebaseapp.com","messagingSenderId":"175355697879"}
[debug] [2022-12-11T21:20:43.123Z] >>> [apiv2][query] GET https://firebase.googleapis.com/v1beta1/projects/alon-kerklies-tweet [none]
[debug] [2022-12-11T21:20:43.447Z] <<< [apiv2][status] GET https://firebase.googleapis.com/v1beta1/projects/alon-kerklies-tweet 200
[debug] [2022-12-11T21:20:43.447Z] <<< [apiv2][body] GET https://firebase.googleapis.com/v1beta1/projects/alon-kerklies-tweet {"projectId":"alon-kerklies-tweet","projectNumber":"175355697879","displayName":"TweetApp","name":"projects/alon-kerklies-tweet","resources":{"hostingSite":"alon-kerklies-tweet","realtimeDatabaseInstance":"alon-kerklies-tweet-default-rtdb"},"state":"ACTIVE","etag":"1_24035ab9-a1a5-46e2-b173-f9beff0c14a6"}
[info] i  hosting[alon-kerklies-tweet]: Serving hosting files from: public {"metadata":{"emulator":{"name":"hosting"},"message":"Serving hosting files from: \u001b[1mpublic\u001b[22m"}}
[info] +  hosting[alon-kerklies-tweet]: Local server: http://127.0.0.1:5000 {"metadata":{"emulator":{"name":"hosting"},"message":"Local server: \u001b[4m\u001b[1mhttp://127.0.0.1:5000\u001b[22m\u001b[24m"}}
[warn] !  emulators: The Emulator UI is not starting, either because none of the emulated products have an interaction layer in Emulator UI or it cannot determine the Project ID. Pass the --project flag to specify a project. {"metadata":{"emulator":{"name":"hub"},"message":"The Emulator UI is not starting, either because none of the emulated products have an interaction layer in Emulator UI or it cannot determine the Project ID. Pass the --project flag to specify a project."}}
[info] 
┌─────────────────────────────────────────────────────────────┐
│ ✔  All emulators ready! It is now safe to connect your app. │
└─────────────────────────────────────────────────────────────┘

┌──────────┬────────────────┐
│ Emulator │ Host:Port      │
├──────────┼────────────────┤
│ Hosting  │ 127.0.0.1:5000 │
└──────────┴────────────────┘
  Emulator Hub running at 127.0.0.1:4400
  Other reserved ports: 4500

Issues? Report them at https://github.com/firebase/firebase-tools/issues and attach the *-debug.log files.
 
